<?xml version="1.0" encoding="UTF-8"?>
<testsuite xmlns:xsi="http://www.w3.org/2001/XMLSchema-instance" xsi:noNamespaceSchemaLocation="https://maven.apache.org/surefire/maven-surefire-plugin/xsd/surefire-test-report-3.0.xsd" version="3.0" name="examples.ExamplesTest" time="23.364" tests="1" errors="0" skipped="0" failures="1">
  <properties>
    <property name="sun.desktop" value="windows"/>
    <property name="awt.toolkit" value="sun.awt.windows.WToolkit"/>
    <property name="java.specification.version" value="11"/>
    <property name="sun.cpu.isalist" value="amd64"/>
    <property name="sun.jnu.encoding" value="Cp1252"/>
    <property name="java.class.path" value="C:\Users\jose_\OneDrive\Documents\remotessh\sshRemote\target\test-classes;C:\Users\jose_\OneDrive\Documents\remotessh\sshRemote\target\classes;C:\Users\jose_\.m2\repository\com\intuit\karate\karate-junit5\1.4.1\karate-junit5-1.4.1.jar;C:\Users\jose_\.m2\repository\com\intuit\karate\karate-core\1.4.1\karate-core-1.4.1.jar;C:\Users\jose_\.m2\repository\org\graalvm\js\js-scriptengine\22.3.3\js-scriptengine-22.3.3.jar;C:\Users\jose_\.m2\repository\org\graalvm\sdk\graal-sdk\22.3.3\graal-sdk-22.3.3.jar;C:\Users\jose_\.m2\repository\org\graalvm\js\js\22.3.3\js-22.3.3.jar;C:\Users\jose_\.m2\repository\org\graalvm\regex\regex\22.3.3\regex-22.3.3.jar;C:\Users\jose_\.m2\repository\org\graalvm\truffle\truffle-api\22.3.3\truffle-api-22.3.3.jar;C:\Users\jose_\.m2\repository\com\ibm\icu\icu4j\71.1\icu4j-71.1.jar;C:\Users\jose_\.m2\repository\org\thymeleaf\thymeleaf\3.1.2.RELEASE\thymeleaf-3.1.2.RELEASE.jar;C:\Users\jose_\.m2\repository\ognl\ognl\3.3.4\ognl-3.3.4.jar;C:\Users\jose_\.m2\repository\org\javassist\javassist\3.29.0-GA\javassist-3.29.0-GA.jar;C:\Users\jose_\.m2\repository\org\attoparser\attoparser\2.0.7.RELEASE\attoparser-2.0.7.RELEASE.jar;C:\Users\jose_\.m2\repository\org\unbescape\unbescape\1.1.6.RELEASE\unbescape-1.1.6.RELEASE.jar;C:\Users\jose_\.m2\repository\org\slf4j\slf4j-api\2.0.7\slf4j-api-2.0.7.jar;C:\Users\jose_\.m2\repository\com\linecorp\armeria\armeria\1.25.2\armeria-1.25.2.jar;C:\Users\jose_\.m2\repository\com\fasterxml\jackson\core\jackson-core\2.15.2\jackson-core-2.15.2.jar;C:\Users\jose_\.m2\repository\com\fasterxml\jackson\core\jackson-annotations\2.15.2\jackson-annotations-2.15.2.jar;C:\Users\jose_\.m2\repository\com\fasterxml\jackson\core\jackson-databind\2.15.2\jackson-databind-2.15.2.jar;C:\Users\jose_\.m2\repository\com\fasterxml\jackson\datatype\jackson-datatype-jdk8\2.15.2\jackson-datatype-jdk8-2.15.2.jar;C:\Users\jose_\.m2\repository\com\fasterxml\jackson\datatype\jackson-datatype-jsr310\2.15.2\jackson-datatype-jsr310-2.15.2.jar;C:\Users\jose_\.m2\repository\io\micrometer\micrometer-core\1.11.3\micrometer-core-1.11.3.jar;C:\Users\jose_\.m2\repository\io\micrometer\micrometer-commons\1.11.3\micrometer-commons-1.11.3.jar;C:\Users\jose_\.m2\repository\io\micrometer\micrometer-observation\1.11.3\micrometer-observation-1.11.3.jar;C:\Users\jose_\.m2\repository\org\hdrhistogram\HdrHistogram\2.1.12\HdrHistogram-2.1.12.jar;C:\Users\jose_\.m2\repository\org\latencyutils\LatencyUtils\2.0.3\LatencyUtils-2.0.3.jar;C:\Users\jose_\.m2\repository\io\netty\netty-transport\4.1.96.Final\netty-transport-4.1.96.Final.jar;C:\Users\jose_\.m2\repository\io\netty\netty-common\4.1.96.Final\netty-common-4.1.96.Final.jar;C:\Users\jose_\.m2\repository\io\netty\netty-buffer\4.1.96.Final\netty-buffer-4.1.96.Final.jar;C:\Users\jose_\.m2\repository\io\netty\netty-resolver\4.1.96.Final\netty-resolver-4.1.96.Final.jar;C:\Users\jose_\.m2\repository\io\netty\netty-codec-haproxy\4.1.96.Final\netty-codec-haproxy-4.1.96.Final.jar;C:\Users\jose_\.m2\repository\io\netty\netty-codec\4.1.96.Final\netty-codec-4.1.96.Final.jar;C:\Users\jose_\.m2\repository\io\netty\netty-codec-http2\4.1.96.Final\netty-codec-http2-4.1.96.Final.jar;C:\Users\jose_\.m2\repository\io\netty\netty-handler\4.1.96.Final\netty-handler-4.1.96.Final.jar;C:\Users\jose_\.m2\repository\io\netty\netty-codec-http\4.1.96.Final\netty-codec-http-4.1.96.Final.jar;C:\Users\jose_\.m2\repository\io\netty\netty-resolver-dns\4.1.96.Final\netty-resolver-dns-4.1.96.Final.jar;C:\Users\jose_\.m2\repository\io\netty\netty-codec-dns\4.1.96.Final\netty-codec-dns-4.1.96.Final.jar;C:\Users\jose_\.m2\repository\org\reactivestreams\reactive-streams\1.0.4\reactive-streams-1.0.4.jar;C:\Users\jose_\.m2\repository\com\google\code\findbugs\jsr305\3.0.2\jsr305-3.0.2.jar;C:\Users\jose_\.m2\repository\io\netty\netty-handler-proxy\4.1.96.Final\netty-handler-proxy-4.1.96.Final.jar;C:\Users\jose_\.m2\repository\io\netty\netty-codec-socks\4.1.96.Final\netty-codec-socks-4.1.96.Final.jar;C:\Users\jose_\.m2\repository\io\netty\netty-transport-native-unix-common\4.1.96.Final\netty-transport-native-unix-common-4.1.96.Final-linux-x86_64.jar;C:\Users\jose_\.m2\repository\io\netty\netty-transport-native-epoll\4.1.96.Final\netty-transport-native-epoll-4.1.96.Final-linux-x86_64.jar;C:\Users\jose_\.m2\repository\io\netty\netty-transport-native-unix-common\4.1.96.Final\netty-transport-native-unix-common-4.1.96.Final.jar;C:\Users\jose_\.m2\repository\io\netty\netty-transport-classes-epoll\4.1.96.Final\netty-transport-classes-epoll-4.1.96.Final.jar;C:\Users\jose_\.m2\repository\io\netty\netty-transport-native-unix-common\4.1.96.Final\netty-transport-native-unix-common-4.1.96.Final-linux-aarch_64.jar;C:\Users\jose_\.m2\repository\io\netty\netty-transport-native-epoll\4.1.96.Final\netty-transport-native-epoll-4.1.96.Final-linux-aarch_64.jar;C:\Users\jose_\.m2\repository\io\netty\netty-transport-native-unix-common\4.1.96.Final\netty-transport-native-unix-common-4.1.96.Final-osx-x86_64.jar;C:\Users\jose_\.m2\repository\io\netty\netty-transport-native-kqueue\4.1.96.Final\netty-transport-native-kqueue-4.1.96.Final-osx-x86_64.jar;C:\Users\jose_\.m2\repository\io\netty\netty-transport-classes-kqueue\4.1.96.Final\netty-transport-classes-kqueue-4.1.96.Final.jar;C:\Users\jose_\.m2\repository\io\netty\netty-resolver-dns-native-macos\4.1.96.Final\netty-resolver-dns-native-macos-4.1.96.Final-osx-x86_64.jar;C:\Users\jose_\.m2\repository\io\netty\netty-resolver-dns-classes-macos\4.1.96.Final\netty-resolver-dns-classes-macos-4.1.96.Final.jar;C:\Users\jose_\.m2\repository\io\netty\netty-transport-native-unix-common\4.1.96.Final\netty-transport-native-unix-common-4.1.96.Final-osx-aarch_64.jar;C:\Users\jose_\.m2\repository\io\netty\netty-transport-native-kqueue\4.1.96.Final\netty-transport-native-kqueue-4.1.96.Final-osx-aarch_64.jar;C:\Users\jose_\.m2\repository\io\netty\netty-resolver-dns-native-macos\4.1.96.Final\netty-resolver-dns-native-macos-4.1.96.Final-osx-aarch_64.jar;C:\Users\jose_\.m2\repository\io\netty\netty-tcnative-boringssl-static\2.0.61.Final\netty-tcnative-boringssl-static-2.0.61.Final-linux-x86_64.jar;C:\Users\jose_\.m2\repository\io\netty\netty-tcnative-classes\2.0.61.Final\netty-tcnative-classes-2.0.61.Final.jar;C:\Users\jose_\.m2\repository\io\netty\netty-tcnative-boringssl-static\2.0.61.Final\netty-tcnative-boringssl-static-2.0.61.Final-linux-aarch_64.jar;C:\Users\jose_\.m2\repository\io\netty\netty-tcnative-boringssl-static\2.0.61.Final\netty-tcnative-boringssl-static-2.0.61.Final-osx-x86_64.jar;C:\Users\jose_\.m2\repository\io\netty\netty-tcnative-boringssl-static\2.0.61.Final\netty-tcnative-boringssl-static-2.0.61.Final-osx-aarch_64.jar;C:\Users\jose_\.m2\repository\io\netty\netty-tcnative-boringssl-static\2.0.61.Final\netty-tcnative-boringssl-static-2.0.61.Final-windows-x86_64.jar;C:\Users\jose_\.m2\repository\com\aayushatharva\brotli4j\brotli4j\1.12.0\brotli4j-1.12.0.jar;C:\Users\jose_\.m2\repository\com\aayushatharva\brotli4j\service\1.12.0\service-1.12.0.jar;C:\Users\jose_\.m2\repository\com\aayushatharva\brotli4j\native-windows-x86_64\1.12.0\native-windows-x86_64-1.12.0.jar;C:\Users\jose_\.m2\repository\org\apache\httpcomponents\httpclient\4.5.14\httpclient-4.5.14.jar;C:\Users\jose_\.m2\repository\org\apache\httpcomponents\httpcore\4.4.16\httpcore-4.4.16.jar;C:\Users\jose_\.m2\repository\commons-codec\commons-codec\1.16.0\commons-codec-1.16.0.jar;C:\Users\jose_\.m2\repository\ch\qos\logback\logback-classic\1.4.11\logback-classic-1.4.11.jar;C:\Users\jose_\.m2\repository\ch\qos\logback\logback-core\1.4.11\logback-core-1.4.11.jar;C:\Users\jose_\.m2\repository\org\slf4j\jcl-over-slf4j\2.0.9\jcl-over-slf4j-2.0.9.jar;C:\Users\jose_\.m2\repository\org\antlr\antlr4-runtime\4.11.1\antlr4-runtime-4.11.1.jar;C:\Users\jose_\.m2\repository\com\jayway\jsonpath\json-path\2.8.0\json-path-2.8.0.jar;C:\Users\jose_\.m2\repository\net\minidev\json-smart\2.4.10\json-smart-2.4.10.jar;C:\Users\jose_\.m2\repository\net\minidev\accessors-smart\2.4.9\accessors-smart-2.4.9.jar;C:\Users\jose_\.m2\repository\org\ow2\asm\asm\9.3\asm-9.3.jar;C:\Users\jose_\.m2\repository\org\yaml\snakeyaml\2.0\snakeyaml-2.0.jar;C:\Users\jose_\.m2\repository\de\siegmar\fastcsv\2.2.1\fastcsv-2.2.1.jar;C:\Users\jose_\.m2\repository\info\picocli\picocli\4.7.1\picocli-4.7.1.jar;C:\Users\jose_\.m2\repository\io\github\classgraph\classgraph\4.8.160\classgraph-4.8.160.jar;C:\Users\jose_\.m2\repository\io\github\t12y\resemble\1.0.2\resemble-1.0.2.jar;C:\Users\jose_\.m2\repository\io\github\t12y\ssim\1.0.0\ssim-1.0.0.jar;C:\Users\jose_\.m2\repository\org\junit\jupiter\junit-jupiter-api\5.9.3\junit-jupiter-api-5.9.3.jar;C:\Users\jose_\.m2\repository\org\opentest4j\opentest4j\1.2.0\opentest4j-1.2.0.jar;C:\Users\jose_\.m2\repository\org\junit\platform\junit-platform-commons\1.9.3\junit-platform-commons-1.9.3.jar;C:\Users\jose_\.m2\repository\org\apiguardian\apiguardian-api\1.1.2\apiguardian-api-1.1.2.jar;C:\Users\jose_\.m2\repository\org\junit\jupiter\junit-jupiter-engine\5.9.3\junit-jupiter-engine-5.9.3.jar;C:\Users\jose_\.m2\repository\org\junit\platform\junit-platform-engine\1.9.3\junit-platform-engine-1.9.3.jar;C:\Users\jose_\.m2\repository\com\intuit\karate\karate-robot\1.4.1\karate-robot-1.4.1.jar;C:\Users\jose_\.m2\repository\net\java\dev\jna\jna-platform\5.5.0\jna-platform-5.5.0.jar;C:\Users\jose_\.m2\repository\net\java\dev\jna\jna\5.5.0\jna-5.5.0.jar;C:\Users\jose_\.m2\repository\org\bytedeco\javacv\1.5.3\javacv-1.5.3.jar;C:\Users\jose_\.m2\repository\org\bytedeco\javacpp\1.5.3\javacpp-1.5.3.jar;C:\Users\jose_\.m2\repository\org\bytedeco\openblas\0.3.9-1.5.3\openblas-0.3.9-1.5.3.jar;C:\Users\jose_\.m2\repository\org\bytedeco\opencv\4.3.0-1.5.3\opencv-4.3.0-1.5.3.jar;C:\Users\jose_\.m2\repository\org\bytedeco\ffmpeg\4.2.2-1.5.3\ffmpeg-4.2.2-1.5.3.jar;C:\Users\jose_\.m2\repository\org\bytedeco\leptonica\1.79.0-1.5.3\leptonica-1.79.0-1.5.3.jar;C:\Users\jose_\.m2\repository\org\bytedeco\tesseract\4.1.1-1.5.3\tesseract-4.1.1-1.5.3.jar;C:\Users\jose_\.m2\repository\org\openjfx\javafx-graphics\11\javafx-graphics-11.jar;C:\Users\jose_\.m2\repository\org\openjfx\javafx-graphics\11\javafx-graphics-11-win.jar;C:\Users\jose_\.m2\repository\org\openjfx\javafx-base\11\javafx-base-11.jar;C:\Users\jose_\.m2\repository\org\openjfx\javafx-base\11\javafx-base-11-win.jar;C:\Users\jose_\.m2\repository\org\bytedeco\opencv-platform\4.3.0-1.5.3\opencv-platform-4.3.0-1.5.3.jar;C:\Users\jose_\.m2\repository\org\bytedeco\openblas-platform\0.3.9-1.5.3\openblas-platform-0.3.9-1.5.3.jar;C:\Users\jose_\.m2\repository\org\bytedeco\openblas\0.3.9-1.5.3\openblas-0.3.9-1.5.3-android-arm.jar;C:\Users\jose_\.m2\repository\org\bytedeco\openblas\0.3.9-1.5.3\openblas-0.3.9-1.5.3-android-arm64.jar;C:\Users\jose_\.m2\repository\org\bytedeco\openblas\0.3.9-1.5.3\openblas-0.3.9-1.5.3-android-x86.jar;C:\Users\jose_\.m2\repository\org\bytedeco\openblas\0.3.9-1.5.3\openblas-0.3.9-1.5.3-android-x86_64.jar;C:\Users\jose_\.m2\repository\org\bytedeco\openblas\0.3.9-1.5.3\openblas-0.3.9-1.5.3-ios-arm64.jar;C:\Users\jose_\.m2\repository\org\bytedeco\openblas\0.3.9-1.5.3\openblas-0.3.9-1.5.3-ios-x86_64.jar;C:\Users\jose_\.m2\repository\org\bytedeco\openblas\0.3.9-1.5.3\openblas-0.3.9-1.5.3-linux-x86.jar;C:\Users\jose_\.m2\repository\org\bytedeco\openblas\0.3.9-1.5.3\openblas-0.3.9-1.5.3-linux-x86_64.jar;C:\Users\jose_\.m2\repository\org\bytedeco\openblas\0.3.9-1.5.3\openblas-0.3.9-1.5.3-linux-armhf.jar;C:\Users\jose_\.m2\repository\org\bytedeco\openblas\0.3.9-1.5.3\openblas-0.3.9-1.5.3-linux-arm64.jar;C:\Users\jose_\.m2\repository\org\bytedeco\openblas\0.3.9-1.5.3\openblas-0.3.9-1.5.3-linux-ppc64le.jar;C:\Users\jose_\.m2\repository\org\bytedeco\openblas\0.3.9-1.5.3\openblas-0.3.9-1.5.3-macosx-x86_64.jar;C:\Users\jose_\.m2\repository\org\bytedeco\openblas\0.3.9-1.5.3\openblas-0.3.9-1.5.3-windows-x86.jar;C:\Users\jose_\.m2\repository\org\bytedeco\openblas\0.3.9-1.5.3\openblas-0.3.9-1.5.3-windows-x86_64.jar;C:\Users\jose_\.m2\repository\org\bytedeco\opencv\4.3.0-1.5.3\opencv-4.3.0-1.5.3-android-arm.jar;C:\Users\jose_\.m2\repository\org\bytedeco\opencv\4.3.0-1.5.3\opencv-4.3.0-1.5.3-android-arm64.jar;C:\Users\jose_\.m2\repository\org\bytedeco\opencv\4.3.0-1.5.3\opencv-4.3.0-1.5.3-android-x86.jar;C:\Users\jose_\.m2\repository\org\bytedeco\opencv\4.3.0-1.5.3\opencv-4.3.0-1.5.3-android-x86_64.jar;C:\Users\jose_\.m2\repository\org\bytedeco\opencv\4.3.0-1.5.3\opencv-4.3.0-1.5.3-ios-arm64.jar;C:\Users\jose_\.m2\repository\org\bytedeco\opencv\4.3.0-1.5.3\opencv-4.3.0-1.5.3-ios-x86_64.jar;C:\Users\jose_\.m2\repository\org\bytedeco\opencv\4.3.0-1.5.3\opencv-4.3.0-1.5.3-linux-x86.jar;C:\Users\jose_\.m2\repository\org\bytedeco\opencv\4.3.0-1.5.3\opencv-4.3.0-1.5.3-linux-x86_64.jar;C:\Users\jose_\.m2\repository\org\bytedeco\opencv\4.3.0-1.5.3\opencv-4.3.0-1.5.3-linux-armhf.jar;C:\Users\jose_\.m2\repository\org\bytedeco\opencv\4.3.0-1.5.3\opencv-4.3.0-1.5.3-linux-arm64.jar;C:\Users\jose_\.m2\repository\org\bytedeco\opencv\4.3.0-1.5.3\opencv-4.3.0-1.5.3-linux-ppc64le.jar;C:\Users\jose_\.m2\repository\org\bytedeco\opencv\4.3.0-1.5.3\opencv-4.3.0-1.5.3-macosx-x86_64.jar;C:\Users\jose_\.m2\repository\org\bytedeco\opencv\4.3.0-1.5.3\opencv-4.3.0-1.5.3-windows-x86.jar;C:\Users\jose_\.m2\repository\org\bytedeco\opencv\4.3.0-1.5.3\opencv-4.3.0-1.5.3-windows-x86_64.jar;C:\Users\jose_\.m2\repository\org\bytedeco\tesseract-platform\4.1.1-1.5.3\tesseract-platform-4.1.1-1.5.3.jar;C:\Users\jose_\.m2\repository\org\bytedeco\leptonica-platform\1.79.0-1.5.3\leptonica-platform-1.79.0-1.5.3.jar;C:\Users\jose_\.m2\repository\org\bytedeco\leptonica\1.79.0-1.5.3\leptonica-1.79.0-1.5.3-android-arm.jar;C:\Users\jose_\.m2\repository\org\bytedeco\leptonica\1.79.0-1.5.3\leptonica-1.79.0-1.5.3-android-arm64.jar;C:\Users\jose_\.m2\repository\org\bytedeco\leptonica\1.79.0-1.5.3\leptonica-1.79.0-1.5.3-android-x86.jar;C:\Users\jose_\.m2\repository\org\bytedeco\leptonica\1.79.0-1.5.3\leptonica-1.79.0-1.5.3-android-x86_64.jar;C:\Users\jose_\.m2\repository\org\bytedeco\leptonica\1.79.0-1.5.3\leptonica-1.79.0-1.5.3-linux-x86.jar;C:\Users\jose_\.m2\repository\org\bytedeco\leptonica\1.79.0-1.5.3\leptonica-1.79.0-1.5.3-linux-x86_64.jar;C:\Users\jose_\.m2\repository\org\bytedeco\leptonica\1.79.0-1.5.3\leptonica-1.79.0-1.5.3-linux-armhf.jar;C:\Users\jose_\.m2\repository\org\bytedeco\leptonica\1.79.0-1.5.3\leptonica-1.79.0-1.5.3-linux-arm64.jar;C:\Users\jose_\.m2\repository\org\bytedeco\leptonica\1.79.0-1.5.3\leptonica-1.79.0-1.5.3-linux-ppc64le.jar;C:\Users\jose_\.m2\repository\org\bytedeco\leptonica\1.79.0-1.5.3\leptonica-1.79.0-1.5.3-macosx-x86_64.jar;C:\Users\jose_\.m2\repository\org\bytedeco\leptonica\1.79.0-1.5.3\leptonica-1.79.0-1.5.3-windows-x86.jar;C:\Users\jose_\.m2\repository\org\bytedeco\leptonica\1.79.0-1.5.3\leptonica-1.79.0-1.5.3-windows-x86_64.jar;C:\Users\jose_\.m2\repository\org\bytedeco\tesseract\4.1.1-1.5.3\tesseract-4.1.1-1.5.3-android-arm.jar;C:\Users\jose_\.m2\repository\org\bytedeco\tesseract\4.1.1-1.5.3\tesseract-4.1.1-1.5.3-android-arm64.jar;C:\Users\jose_\.m2\repository\org\bytedeco\tesseract\4.1.1-1.5.3\tesseract-4.1.1-1.5.3-android-x86.jar;C:\Users\jose_\.m2\repository\org\bytedeco\tesseract\4.1.1-1.5.3\tesseract-4.1.1-1.5.3-android-x86_64.jar;C:\Users\jose_\.m2\repository\org\bytedeco\tesseract\4.1.1-1.5.3\tesseract-4.1.1-1.5.3-linux-x86.jar;C:\Users\jose_\.m2\repository\org\bytedeco\tesseract\4.1.1-1.5.3\tesseract-4.1.1-1.5.3-linux-x86_64.jar;C:\Users\jose_\.m2\repository\org\bytedeco\tesseract\4.1.1-1.5.3\tesseract-4.1.1-1.5.3-linux-armhf.jar;C:\Users\jose_\.m2\repository\org\bytedeco\tesseract\4.1.1-1.5.3\tesseract-4.1.1-1.5.3-linux-arm64.jar;C:\Users\jose_\.m2\repository\org\bytedeco\tesseract\4.1.1-1.5.3\tesseract-4.1.1-1.5.3-linux-ppc64le.jar;C:\Users\jose_\.m2\repository\org\bytedeco\tesseract\4.1.1-1.5.3\tesseract-4.1.1-1.5.3-macosx-x86_64.jar;C:\Users\jose_\.m2\repository\org\bytedeco\tesseract\4.1.1-1.5.3\tesseract-4.1.1-1.5.3-windows-x86.jar;C:\Users\jose_\.m2\repository\org\bytedeco\tesseract\4.1.1-1.5.3\tesseract-4.1.1-1.5.3-windows-x86_64.jar;C:\Users\jose_\.m2\repository\org\bytedeco\ffmpeg-platform\4.2.2-1.5.3\ffmpeg-platform-4.2.2-1.5.3.jar;C:\Users\jose_\.m2\repository\org\bytedeco\javacpp-platform\1.5.3\javacpp-platform-1.5.3.jar;C:\Users\jose_\.m2\repository\org\bytedeco\javacpp\1.5.3\javacpp-1.5.3-android-arm.jar;C:\Users\jose_\.m2\repository\org\bytedeco\javacpp\1.5.3\javacpp-1.5.3-android-arm64.jar;C:\Users\jose_\.m2\repository\org\bytedeco\javacpp\1.5.3\javacpp-1.5.3-android-x86.jar;C:\Users\jose_\.m2\repository\org\bytedeco\javacpp\1.5.3\javacpp-1.5.3-android-x86_64.jar;C:\Users\jose_\.m2\repository\org\bytedeco\javacpp\1.5.3\javacpp-1.5.3-ios-arm64.jar;C:\Users\jose_\.m2\repository\org\bytedeco\javacpp\1.5.3\javacpp-1.5.3-ios-x86_64.jar;C:\Users\jose_\.m2\repository\org\bytedeco\javacpp\1.5.3\javacpp-1.5.3-linux-armhf.jar;C:\Users\jose_\.m2\repository\org\bytedeco\javacpp\1.5.3\javacpp-1.5.3-linux-arm64.jar;C:\Users\jose_\.m2\repository\org\bytedeco\javacpp\1.5.3\javacpp-1.5.3-linux-ppc64le.jar;C:\Users\jose_\.m2\repository\org\bytedeco\javacpp\1.5.3\javacpp-1.5.3-linux-x86.jar;C:\Users\jose_\.m2\repository\org\bytedeco\javacpp\1.5.3\javacpp-1.5.3-linux-x86_64.jar;C:\Users\jose_\.m2\repository\org\bytedeco\javacpp\1.5.3\javacpp-1.5.3-macosx-x86_64.jar;C:\Users\jose_\.m2\repository\org\bytedeco\javacpp\1.5.3\javacpp-1.5.3-windows-x86.jar;C:\Users\jose_\.m2\repository\org\bytedeco\javacpp\1.5.3\javacpp-1.5.3-windows-x86_64.jar;C:\Users\jose_\.m2\repository\org\bytedeco\ffmpeg\4.2.2-1.5.3\ffmpeg-4.2.2-1.5.3-android-arm.jar;C:\Users\jose_\.m2\repository\org\bytedeco\ffmpeg\4.2.2-1.5.3\ffmpeg-4.2.2-1.5.3-android-arm64.jar;C:\Users\jose_\.m2\repository\org\bytedeco\ffmpeg\4.2.2-1.5.3\ffmpeg-4.2.2-1.5.3-android-x86.jar;C:\Users\jose_\.m2\repository\org\bytedeco\ffmpeg\4.2.2-1.5.3\ffmpeg-4.2.2-1.5.3-android-x86_64.jar;C:\Users\jose_\.m2\repository\org\bytedeco\ffmpeg\4.2.2-1.5.3\ffmpeg-4.2.2-1.5.3-linux-x86.jar;C:\Users\jose_\.m2\repository\org\bytedeco\ffmpeg\4.2.2-1.5.3\ffmpeg-4.2.2-1.5.3-linux-x86_64.jar;C:\Users\jose_\.m2\repository\org\bytedeco\ffmpeg\4.2.2-1.5.3\ffmpeg-4.2.2-1.5.3-linux-armhf.jar;C:\Users\jose_\.m2\repository\org\bytedeco\ffmpeg\4.2.2-1.5.3\ffmpeg-4.2.2-1.5.3-linux-arm64.jar;C:\Users\jose_\.m2\repository\org\bytedeco\ffmpeg\4.2.2-1.5.3\ffmpeg-4.2.2-1.5.3-linux-ppc64le.jar;C:\Users\jose_\.m2\repository\org\bytedeco\ffmpeg\4.2.2-1.5.3\ffmpeg-4.2.2-1.5.3-macosx-x86_64.jar;C:\Users\jose_\.m2\repository\org\bytedeco\ffmpeg\4.2.2-1.5.3\ffmpeg-4.2.2-1.5.3-windows-x86.jar;C:\Users\jose_\.m2\repository\org\bytedeco\ffmpeg\4.2.2-1.5.3\ffmpeg-4.2.2-1.5.3-windows-x86_64.jar;"/>
    <property name="sun.awt.enableExtraMouseButtons" value="true"/>
    <property name="java.vm.vendor" value="Amazon.com Inc."/>
    <property name="sun.arch.data.model" value="64"/>
    <property name="user.variant" value=""/>
    <property name="java.vendor.url" value="https://aws.amazon.com/corretto/"/>
    <property name="user.timezone" value="America/Santiago"/>
    <property name="java.vm.specification.version" value="11"/>
    <property name="os.name" value="Windows 11"/>
    <property name="sun.java.launcher" value="SUN_STANDARD"/>
    <property name="user.country" value="CL"/>
    <property name="sun.boot.library.path" value="C:\Users\jose_\.jdks\corretto-11.0.21\bin"/>
    <property name="sun.java.command" value="C:\Users\jose_\AppData\Local\Temp\surefire12562037008862055520\surefirebooter-20231122231549344_3.jar C:\Users\jose_\AppData\Local\Temp\surefire12562037008862055520 2023-11-22T23-15-49_197-jvmRun1 surefire-20231122231549344_1tmp surefire_0-20231122231549344_2tmp"/>
    <property name="jdk.debug" value="release"/>
    <property name="surefire.test.class.path" value="C:\Users\jose_\OneDrive\Documents\remotessh\sshRemote\target\test-classes;C:\Users\jose_\OneDrive\Documents\remotessh\sshRemote\target\classes;C:\Users\jose_\.m2\repository\com\intuit\karate\karate-junit5\1.4.1\karate-junit5-1.4.1.jar;C:\Users\jose_\.m2\repository\com\intuit\karate\karate-core\1.4.1\karate-core-1.4.1.jar;C:\Users\jose_\.m2\repository\org\graalvm\js\js-scriptengine\22.3.3\js-scriptengine-22.3.3.jar;C:\Users\jose_\.m2\repository\org\graalvm\sdk\graal-sdk\22.3.3\graal-sdk-22.3.3.jar;C:\Users\jose_\.m2\repository\org\graalvm\js\js\22.3.3\js-22.3.3.jar;C:\Users\jose_\.m2\repository\org\graalvm\regex\regex\22.3.3\regex-22.3.3.jar;C:\Users\jose_\.m2\repository\org\graalvm\truffle\truffle-api\22.3.3\truffle-api-22.3.3.jar;C:\Users\jose_\.m2\repository\com\ibm\icu\icu4j\71.1\icu4j-71.1.jar;C:\Users\jose_\.m2\repository\org\thymeleaf\thymeleaf\3.1.2.RELEASE\thymeleaf-3.1.2.RELEASE.jar;C:\Users\jose_\.m2\repository\ognl\ognl\3.3.4\ognl-3.3.4.jar;C:\Users\jose_\.m2\repository\org\javassist\javassist\3.29.0-GA\javassist-3.29.0-GA.jar;C:\Users\jose_\.m2\repository\org\attoparser\attoparser\2.0.7.RELEASE\attoparser-2.0.7.RELEASE.jar;C:\Users\jose_\.m2\repository\org\unbescape\unbescape\1.1.6.RELEASE\unbescape-1.1.6.RELEASE.jar;C:\Users\jose_\.m2\repository\org\slf4j\slf4j-api\2.0.7\slf4j-api-2.0.7.jar;C:\Users\jose_\.m2\repository\com\linecorp\armeria\armeria\1.25.2\armeria-1.25.2.jar;C:\Users\jose_\.m2\repository\com\fasterxml\jackson\core\jackson-core\2.15.2\jackson-core-2.15.2.jar;C:\Users\jose_\.m2\repository\com\fasterxml\jackson\core\jackson-annotations\2.15.2\jackson-annotations-2.15.2.jar;C:\Users\jose_\.m2\repository\com\fasterxml\jackson\core\jackson-databind\2.15.2\jackson-databind-2.15.2.jar;C:\Users\jose_\.m2\repository\com\fasterxml\jackson\datatype\jackson-datatype-jdk8\2.15.2\jackson-datatype-jdk8-2.15.2.jar;C:\Users\jose_\.m2\repository\com\fasterxml\jackson\datatype\jackson-datatype-jsr310\2.15.2\jackson-datatype-jsr310-2.15.2.jar;C:\Users\jose_\.m2\repository\io\micrometer\micrometer-core\1.11.3\micrometer-core-1.11.3.jar;C:\Users\jose_\.m2\repository\io\micrometer\micrometer-commons\1.11.3\micrometer-commons-1.11.3.jar;C:\Users\jose_\.m2\repository\io\micrometer\micrometer-observation\1.11.3\micrometer-observation-1.11.3.jar;C:\Users\jose_\.m2\repository\org\hdrhistogram\HdrHistogram\2.1.12\HdrHistogram-2.1.12.jar;C:\Users\jose_\.m2\repository\org\latencyutils\LatencyUtils\2.0.3\LatencyUtils-2.0.3.jar;C:\Users\jose_\.m2\repository\io\netty\netty-transport\4.1.96.Final\netty-transport-4.1.96.Final.jar;C:\Users\jose_\.m2\repository\io\netty\netty-common\4.1.96.Final\netty-common-4.1.96.Final.jar;C:\Users\jose_\.m2\repository\io\netty\netty-buffer\4.1.96.Final\netty-buffer-4.1.96.Final.jar;C:\Users\jose_\.m2\repository\io\netty\netty-resolver\4.1.96.Final\netty-resolver-4.1.96.Final.jar;C:\Users\jose_\.m2\repository\io\netty\netty-codec-haproxy\4.1.96.Final\netty-codec-haproxy-4.1.96.Final.jar;C:\Users\jose_\.m2\repository\io\netty\netty-codec\4.1.96.Final\netty-codec-4.1.96.Final.jar;C:\Users\jose_\.m2\repository\io\netty\netty-codec-http2\4.1.96.Final\netty-codec-http2-4.1.96.Final.jar;C:\Users\jose_\.m2\repository\io\netty\netty-handler\4.1.96.Final\netty-handler-4.1.96.Final.jar;C:\Users\jose_\.m2\repository\io\netty\netty-codec-http\4.1.96.Final\netty-codec-http-4.1.96.Final.jar;C:\Users\jose_\.m2\repository\io\netty\netty-resolver-dns\4.1.96.Final\netty-resolver-dns-4.1.96.Final.jar;C:\Users\jose_\.m2\repository\io\netty\netty-codec-dns\4.1.96.Final\netty-codec-dns-4.1.96.Final.jar;C:\Users\jose_\.m2\repository\org\reactivestreams\reactive-streams\1.0.4\reactive-streams-1.0.4.jar;C:\Users\jose_\.m2\repository\com\google\code\findbugs\jsr305\3.0.2\jsr305-3.0.2.jar;C:\Users\jose_\.m2\repository\io\netty\netty-handler-proxy\4.1.96.Final\netty-handler-proxy-4.1.96.Final.jar;C:\Users\jose_\.m2\repository\io\netty\netty-codec-socks\4.1.96.Final\netty-codec-socks-4.1.96.Final.jar;C:\Users\jose_\.m2\repository\io\netty\netty-transport-native-unix-common\4.1.96.Final\netty-transport-native-unix-common-4.1.96.Final-linux-x86_64.jar;C:\Users\jose_\.m2\repository\io\netty\netty-transport-native-epoll\4.1.96.Final\netty-transport-native-epoll-4.1.96.Final-linux-x86_64.jar;C:\Users\jose_\.m2\repository\io\netty\netty-transport-native-unix-common\4.1.96.Final\netty-transport-native-unix-common-4.1.96.Final.jar;C:\Users\jose_\.m2\repository\io\netty\netty-transport-classes-epoll\4.1.96.Final\netty-transport-classes-epoll-4.1.96.Final.jar;C:\Users\jose_\.m2\repository\io\netty\netty-transport-native-unix-common\4.1.96.Final\netty-transport-native-unix-common-4.1.96.Final-linux-aarch_64.jar;C:\Users\jose_\.m2\repository\io\netty\netty-transport-native-epoll\4.1.96.Final\netty-transport-native-epoll-4.1.96.Final-linux-aarch_64.jar;C:\Users\jose_\.m2\repository\io\netty\netty-transport-native-unix-common\4.1.96.Final\netty-transport-native-unix-common-4.1.96.Final-osx-x86_64.jar;C:\Users\jose_\.m2\repository\io\netty\netty-transport-native-kqueue\4.1.96.Final\netty-transport-native-kqueue-4.1.96.Final-osx-x86_64.jar;C:\Users\jose_\.m2\repository\io\netty\netty-transport-classes-kqueue\4.1.96.Final\netty-transport-classes-kqueue-4.1.96.Final.jar;C:\Users\jose_\.m2\repository\io\netty\netty-resolver-dns-native-macos\4.1.96.Final\netty-resolver-dns-native-macos-4.1.96.Final-osx-x86_64.jar;C:\Users\jose_\.m2\repository\io\netty\netty-resolver-dns-classes-macos\4.1.96.Final\netty-resolver-dns-classes-macos-4.1.96.Final.jar;C:\Users\jose_\.m2\repository\io\netty\netty-transport-native-unix-common\4.1.96.Final\netty-transport-native-unix-common-4.1.96.Final-osx-aarch_64.jar;C:\Users\jose_\.m2\repository\io\netty\netty-transport-native-kqueue\4.1.96.Final\netty-transport-native-kqueue-4.1.96.Final-osx-aarch_64.jar;C:\Users\jose_\.m2\repository\io\netty\netty-resolver-dns-native-macos\4.1.96.Final\netty-resolver-dns-native-macos-4.1.96.Final-osx-aarch_64.jar;C:\Users\jose_\.m2\repository\io\netty\netty-tcnative-boringssl-static\2.0.61.Final\netty-tcnative-boringssl-static-2.0.61.Final-linux-x86_64.jar;C:\Users\jose_\.m2\repository\io\netty\netty-tcnative-classes\2.0.61.Final\netty-tcnative-classes-2.0.61.Final.jar;C:\Users\jose_\.m2\repository\io\netty\netty-tcnative-boringssl-static\2.0.61.Final\netty-tcnative-boringssl-static-2.0.61.Final-linux-aarch_64.jar;C:\Users\jose_\.m2\repository\io\netty\netty-tcnative-boringssl-static\2.0.61.Final\netty-tcnative-boringssl-static-2.0.61.Final-osx-x86_64.jar;C:\Users\jose_\.m2\repository\io\netty\netty-tcnative-boringssl-static\2.0.61.Final\netty-tcnative-boringssl-static-2.0.61.Final-osx-aarch_64.jar;C:\Users\jose_\.m2\repository\io\netty\netty-tcnative-boringssl-static\2.0.61.Final\netty-tcnative-boringssl-static-2.0.61.Final-windows-x86_64.jar;C:\Users\jose_\.m2\repository\com\aayushatharva\brotli4j\brotli4j\1.12.0\brotli4j-1.12.0.jar;C:\Users\jose_\.m2\repository\com\aayushatharva\brotli4j\service\1.12.0\service-1.12.0.jar;C:\Users\jose_\.m2\repository\com\aayushatharva\brotli4j\native-windows-x86_64\1.12.0\native-windows-x86_64-1.12.0.jar;C:\Users\jose_\.m2\repository\org\apache\httpcomponents\httpclient\4.5.14\httpclient-4.5.14.jar;C:\Users\jose_\.m2\repository\org\apache\httpcomponents\httpcore\4.4.16\httpcore-4.4.16.jar;C:\Users\jose_\.m2\repository\commons-codec\commons-codec\1.16.0\commons-codec-1.16.0.jar;C:\Users\jose_\.m2\repository\ch\qos\logback\logback-classic\1.4.11\logback-classic-1.4.11.jar;C:\Users\jose_\.m2\repository\ch\qos\logback\logback-core\1.4.11\logback-core-1.4.11.jar;C:\Users\jose_\.m2\repository\org\slf4j\jcl-over-slf4j\2.0.9\jcl-over-slf4j-2.0.9.jar;C:\Users\jose_\.m2\repository\org\antlr\antlr4-runtime\4.11.1\antlr4-runtime-4.11.1.jar;C:\Users\jose_\.m2\repository\com\jayway\jsonpath\json-path\2.8.0\json-path-2.8.0.jar;C:\Users\jose_\.m2\repository\net\minidev\json-smart\2.4.10\json-smart-2.4.10.jar;C:\Users\jose_\.m2\repository\net\minidev\accessors-smart\2.4.9\accessors-smart-2.4.9.jar;C:\Users\jose_\.m2\repository\org\ow2\asm\asm\9.3\asm-9.3.jar;C:\Users\jose_\.m2\repository\org\yaml\snakeyaml\2.0\snakeyaml-2.0.jar;C:\Users\jose_\.m2\repository\de\siegmar\fastcsv\2.2.1\fastcsv-2.2.1.jar;C:\Users\jose_\.m2\repository\info\picocli\picocli\4.7.1\picocli-4.7.1.jar;C:\Users\jose_\.m2\repository\io\github\classgraph\classgraph\4.8.160\classgraph-4.8.160.jar;C:\Users\jose_\.m2\repository\io\github\t12y\resemble\1.0.2\resemble-1.0.2.jar;C:\Users\jose_\.m2\repository\io\github\t12y\ssim\1.0.0\ssim-1.0.0.jar;C:\Users\jose_\.m2\repository\org\junit\jupiter\junit-jupiter-api\5.9.3\junit-jupiter-api-5.9.3.jar;C:\Users\jose_\.m2\repository\org\opentest4j\opentest4j\1.2.0\opentest4j-1.2.0.jar;C:\Users\jose_\.m2\repository\org\junit\platform\junit-platform-commons\1.9.3\junit-platform-commons-1.9.3.jar;C:\Users\jose_\.m2\repository\org\apiguardian\apiguardian-api\1.1.2\apiguardian-api-1.1.2.jar;C:\Users\jose_\.m2\repository\org\junit\jupiter\junit-jupiter-engine\5.9.3\junit-jupiter-engine-5.9.3.jar;C:\Users\jose_\.m2\repository\org\junit\platform\junit-platform-engine\1.9.3\junit-platform-engine-1.9.3.jar;C:\Users\jose_\.m2\repository\com\intuit\karate\karate-robot\1.4.1\karate-robot-1.4.1.jar;C:\Users\jose_\.m2\repository\net\java\dev\jna\jna-platform\5.5.0\jna-platform-5.5.0.jar;C:\Users\jose_\.m2\repository\net\java\dev\jna\jna\5.5.0\jna-5.5.0.jar;C:\Users\jose_\.m2\repository\org\bytedeco\javacv\1.5.3\javacv-1.5.3.jar;C:\Users\jose_\.m2\repository\org\bytedeco\javacpp\1.5.3\javacpp-1.5.3.jar;C:\Users\jose_\.m2\repository\org\bytedeco\openblas\0.3.9-1.5.3\openblas-0.3.9-1.5.3.jar;C:\Users\jose_\.m2\repository\org\bytedeco\opencv\4.3.0-1.5.3\opencv-4.3.0-1.5.3.jar;C:\Users\jose_\.m2\repository\org\bytedeco\ffmpeg\4.2.2-1.5.3\ffmpeg-4.2.2-1.5.3.jar;C:\Users\jose_\.m2\repository\org\bytedeco\leptonica\1.79.0-1.5.3\leptonica-1.79.0-1.5.3.jar;C:\Users\jose_\.m2\repository\org\bytedeco\tesseract\4.1.1-1.5.3\tesseract-4.1.1-1.5.3.jar;C:\Users\jose_\.m2\repository\org\openjfx\javafx-graphics\11\javafx-graphics-11.jar;C:\Users\jose_\.m2\repository\org\openjfx\javafx-graphics\11\javafx-graphics-11-win.jar;C:\Users\jose_\.m2\repository\org\openjfx\javafx-base\11\javafx-base-11.jar;C:\Users\jose_\.m2\repository\org\openjfx\javafx-base\11\javafx-base-11-win.jar;C:\Users\jose_\.m2\repository\org\bytedeco\opencv-platform\4.3.0-1.5.3\opencv-platform-4.3.0-1.5.3.jar;C:\Users\jose_\.m2\repository\org\bytedeco\openblas-platform\0.3.9-1.5.3\openblas-platform-0.3.9-1.5.3.jar;C:\Users\jose_\.m2\repository\org\bytedeco\openblas\0.3.9-1.5.3\openblas-0.3.9-1.5.3-android-arm.jar;C:\Users\jose_\.m2\repository\org\bytedeco\openblas\0.3.9-1.5.3\openblas-0.3.9-1.5.3-android-arm64.jar;C:\Users\jose_\.m2\repository\org\bytedeco\openblas\0.3.9-1.5.3\openblas-0.3.9-1.5.3-android-x86.jar;C:\Users\jose_\.m2\repository\org\bytedeco\openblas\0.3.9-1.5.3\openblas-0.3.9-1.5.3-android-x86_64.jar;C:\Users\jose_\.m2\repository\org\bytedeco\openblas\0.3.9-1.5.3\openblas-0.3.9-1.5.3-ios-arm64.jar;C:\Users\jose_\.m2\repository\org\bytedeco\openblas\0.3.9-1.5.3\openblas-0.3.9-1.5.3-ios-x86_64.jar;C:\Users\jose_\.m2\repository\org\bytedeco\openblas\0.3.9-1.5.3\openblas-0.3.9-1.5.3-linux-x86.jar;C:\Users\jose_\.m2\repository\org\bytedeco\openblas\0.3.9-1.5.3\openblas-0.3.9-1.5.3-linux-x86_64.jar;C:\Users\jose_\.m2\repository\org\bytedeco\openblas\0.3.9-1.5.3\openblas-0.3.9-1.5.3-linux-armhf.jar;C:\Users\jose_\.m2\repository\org\bytedeco\openblas\0.3.9-1.5.3\openblas-0.3.9-1.5.3-linux-arm64.jar;C:\Users\jose_\.m2\repository\org\bytedeco\openblas\0.3.9-1.5.3\openblas-0.3.9-1.5.3-linux-ppc64le.jar;C:\Users\jose_\.m2\repository\org\bytedeco\openblas\0.3.9-1.5.3\openblas-0.3.9-1.5.3-macosx-x86_64.jar;C:\Users\jose_\.m2\repository\org\bytedeco\openblas\0.3.9-1.5.3\openblas-0.3.9-1.5.3-windows-x86.jar;C:\Users\jose_\.m2\repository\org\bytedeco\openblas\0.3.9-1.5.3\openblas-0.3.9-1.5.3-windows-x86_64.jar;C:\Users\jose_\.m2\repository\org\bytedeco\opencv\4.3.0-1.5.3\opencv-4.3.0-1.5.3-android-arm.jar;C:\Users\jose_\.m2\repository\org\bytedeco\opencv\4.3.0-1.5.3\opencv-4.3.0-1.5.3-android-arm64.jar;C:\Users\jose_\.m2\repository\org\bytedeco\opencv\4.3.0-1.5.3\opencv-4.3.0-1.5.3-android-x86.jar;C:\Users\jose_\.m2\repository\org\bytedeco\opencv\4.3.0-1.5.3\opencv-4.3.0-1.5.3-android-x86_64.jar;C:\Users\jose_\.m2\repository\org\bytedeco\opencv\4.3.0-1.5.3\opencv-4.3.0-1.5.3-ios-arm64.jar;C:\Users\jose_\.m2\repository\org\bytedeco\opencv\4.3.0-1.5.3\opencv-4.3.0-1.5.3-ios-x86_64.jar;C:\Users\jose_\.m2\repository\org\bytedeco\opencv\4.3.0-1.5.3\opencv-4.3.0-1.5.3-linux-x86.jar;C:\Users\jose_\.m2\repository\org\bytedeco\opencv\4.3.0-1.5.3\opencv-4.3.0-1.5.3-linux-x86_64.jar;C:\Users\jose_\.m2\repository\org\bytedeco\opencv\4.3.0-1.5.3\opencv-4.3.0-1.5.3-linux-armhf.jar;C:\Users\jose_\.m2\repository\org\bytedeco\opencv\4.3.0-1.5.3\opencv-4.3.0-1.5.3-linux-arm64.jar;C:\Users\jose_\.m2\repository\org\bytedeco\opencv\4.3.0-1.5.3\opencv-4.3.0-1.5.3-linux-ppc64le.jar;C:\Users\jose_\.m2\repository\org\bytedeco\opencv\4.3.0-1.5.3\opencv-4.3.0-1.5.3-macosx-x86_64.jar;C:\Users\jose_\.m2\repository\org\bytedeco\opencv\4.3.0-1.5.3\opencv-4.3.0-1.5.3-windows-x86.jar;C:\Users\jose_\.m2\repository\org\bytedeco\opencv\4.3.0-1.5.3\opencv-4.3.0-1.5.3-windows-x86_64.jar;C:\Users\jose_\.m2\repository\org\bytedeco\tesseract-platform\4.1.1-1.5.3\tesseract-platform-4.1.1-1.5.3.jar;C:\Users\jose_\.m2\repository\org\bytedeco\leptonica-platform\1.79.0-1.5.3\leptonica-platform-1.79.0-1.5.3.jar;C:\Users\jose_\.m2\repository\org\bytedeco\leptonica\1.79.0-1.5.3\leptonica-1.79.0-1.5.3-android-arm.jar;C:\Users\jose_\.m2\repository\org\bytedeco\leptonica\1.79.0-1.5.3\leptonica-1.79.0-1.5.3-android-arm64.jar;C:\Users\jose_\.m2\repository\org\bytedeco\leptonica\1.79.0-1.5.3\leptonica-1.79.0-1.5.3-android-x86.jar;C:\Users\jose_\.m2\repository\org\bytedeco\leptonica\1.79.0-1.5.3\leptonica-1.79.0-1.5.3-android-x86_64.jar;C:\Users\jose_\.m2\repository\org\bytedeco\leptonica\1.79.0-1.5.3\leptonica-1.79.0-1.5.3-linux-x86.jar;C:\Users\jose_\.m2\repository\org\bytedeco\leptonica\1.79.0-1.5.3\leptonica-1.79.0-1.5.3-linux-x86_64.jar;C:\Users\jose_\.m2\repository\org\bytedeco\leptonica\1.79.0-1.5.3\leptonica-1.79.0-1.5.3-linux-armhf.jar;C:\Users\jose_\.m2\repository\org\bytedeco\leptonica\1.79.0-1.5.3\leptonica-1.79.0-1.5.3-linux-arm64.jar;C:\Users\jose_\.m2\repository\org\bytedeco\leptonica\1.79.0-1.5.3\leptonica-1.79.0-1.5.3-linux-ppc64le.jar;C:\Users\jose_\.m2\repository\org\bytedeco\leptonica\1.79.0-1.5.3\leptonica-1.79.0-1.5.3-macosx-x86_64.jar;C:\Users\jose_\.m2\repository\org\bytedeco\leptonica\1.79.0-1.5.3\leptonica-1.79.0-1.5.3-windows-x86.jar;C:\Users\jose_\.m2\repository\org\bytedeco\leptonica\1.79.0-1.5.3\leptonica-1.79.0-1.5.3-windows-x86_64.jar;C:\Users\jose_\.m2\repository\org\bytedeco\tesseract\4.1.1-1.5.3\tesseract-4.1.1-1.5.3-android-arm.jar;C:\Users\jose_\.m2\repository\org\bytedeco\tesseract\4.1.1-1.5.3\tesseract-4.1.1-1.5.3-android-arm64.jar;C:\Users\jose_\.m2\repository\org\bytedeco\tesseract\4.1.1-1.5.3\tesseract-4.1.1-1.5.3-android-x86.jar;C:\Users\jose_\.m2\repository\org\bytedeco\tesseract\4.1.1-1.5.3\tesseract-4.1.1-1.5.3-android-x86_64.jar;C:\Users\jose_\.m2\repository\org\bytedeco\tesseract\4.1.1-1.5.3\tesseract-4.1.1-1.5.3-linux-x86.jar;C:\Users\jose_\.m2\repository\org\bytedeco\tesseract\4.1.1-1.5.3\tesseract-4.1.1-1.5.3-linux-x86_64.jar;C:\Users\jose_\.m2\repository\org\bytedeco\tesseract\4.1.1-1.5.3\tesseract-4.1.1-1.5.3-linux-armhf.jar;C:\Users\jose_\.m2\repository\org\bytedeco\tesseract\4.1.1-1.5.3\tesseract-4.1.1-1.5.3-linux-arm64.jar;C:\Users\jose_\.m2\repository\org\bytedeco\tesseract\4.1.1-1.5.3\tesseract-4.1.1-1.5.3-linux-ppc64le.jar;C:\Users\jose_\.m2\repository\org\bytedeco\tesseract\4.1.1-1.5.3\tesseract-4.1.1-1.5.3-macosx-x86_64.jar;C:\Users\jose_\.m2\repository\org\bytedeco\tesseract\4.1.1-1.5.3\tesseract-4.1.1-1.5.3-windows-x86.jar;C:\Users\jose_\.m2\repository\org\bytedeco\tesseract\4.1.1-1.5.3\tesseract-4.1.1-1.5.3-windows-x86_64.jar;C:\Users\jose_\.m2\repository\org\bytedeco\ffmpeg-platform\4.2.2-1.5.3\ffmpeg-platform-4.2.2-1.5.3.jar;C:\Users\jose_\.m2\repository\org\bytedeco\javacpp-platform\1.5.3\javacpp-platform-1.5.3.jar;C:\Users\jose_\.m2\repository\org\bytedeco\javacpp\1.5.3\javacpp-1.5.3-android-arm.jar;C:\Users\jose_\.m2\repository\org\bytedeco\javacpp\1.5.3\javacpp-1.5.3-android-arm64.jar;C:\Users\jose_\.m2\repository\org\bytedeco\javacpp\1.5.3\javacpp-1.5.3-android-x86.jar;C:\Users\jose_\.m2\repository\org\bytedeco\javacpp\1.5.3\javacpp-1.5.3-android-x86_64.jar;C:\Users\jose_\.m2\repository\org\bytedeco\javacpp\1.5.3\javacpp-1.5.3-ios-arm64.jar;C:\Users\jose_\.m2\repository\org\bytedeco\javacpp\1.5.3\javacpp-1.5.3-ios-x86_64.jar;C:\Users\jose_\.m2\repository\org\bytedeco\javacpp\1.5.3\javacpp-1.5.3-linux-armhf.jar;C:\Users\jose_\.m2\repository\org\bytedeco\javacpp\1.5.3\javacpp-1.5.3-linux-arm64.jar;C:\Users\jose_\.m2\repository\org\bytedeco\javacpp\1.5.3\javacpp-1.5.3-linux-ppc64le.jar;C:\Users\jose_\.m2\repository\org\bytedeco\javacpp\1.5.3\javacpp-1.5.3-linux-x86.jar;C:\Users\jose_\.m2\repository\org\bytedeco\javacpp\1.5.3\javacpp-1.5.3-linux-x86_64.jar;C:\Users\jose_\.m2\repository\org\bytedeco\javacpp\1.5.3\javacpp-1.5.3-macosx-x86_64.jar;C:\Users\jose_\.m2\repository\org\bytedeco\javacpp\1.5.3\javacpp-1.5.3-windows-x86.jar;C:\Users\jose_\.m2\repository\org\bytedeco\javacpp\1.5.3\javacpp-1.5.3-windows-x86_64.jar;C:\Users\jose_\.m2\repository\org\bytedeco\ffmpeg\4.2.2-1.5.3\ffmpeg-4.2.2-1.5.3-android-arm.jar;C:\Users\jose_\.m2\repository\org\bytedeco\ffmpeg\4.2.2-1.5.3\ffmpeg-4.2.2-1.5.3-android-arm64.jar;C:\Users\jose_\.m2\repository\org\bytedeco\ffmpeg\4.2.2-1.5.3\ffmpeg-4.2.2-1.5.3-android-x86.jar;C:\Users\jose_\.m2\repository\org\bytedeco\ffmpeg\4.2.2-1.5.3\ffmpeg-4.2.2-1.5.3-android-x86_64.jar;C:\Users\jose_\.m2\repository\org\bytedeco\ffmpeg\4.2.2-1.5.3\ffmpeg-4.2.2-1.5.3-linux-x86.jar;C:\Users\jose_\.m2\repository\org\bytedeco\ffmpeg\4.2.2-1.5.3\ffmpeg-4.2.2-1.5.3-linux-x86_64.jar;C:\Users\jose_\.m2\repository\org\bytedeco\ffmpeg\4.2.2-1.5.3\ffmpeg-4.2.2-1.5.3-linux-armhf.jar;C:\Users\jose_\.m2\repository\org\bytedeco\ffmpeg\4.2.2-1.5.3\ffmpeg-4.2.2-1.5.3-linux-arm64.jar;C:\Users\jose_\.m2\repository\org\bytedeco\ffmpeg\4.2.2-1.5.3\ffmpeg-4.2.2-1.5.3-linux-ppc64le.jar;C:\Users\jose_\.m2\repository\org\bytedeco\ffmpeg\4.2.2-1.5.3\ffmpeg-4.2.2-1.5.3-macosx-x86_64.jar;C:\Users\jose_\.m2\repository\org\bytedeco\ffmpeg\4.2.2-1.5.3\ffmpeg-4.2.2-1.5.3-windows-x86.jar;C:\Users\jose_\.m2\repository\org\bytedeco\ffmpeg\4.2.2-1.5.3\ffmpeg-4.2.2-1.5.3-windows-x86_64.jar;"/>
    <property name="sun.cpu.endian" value="little"/>
    <property name="user.home" value="C:\Users\jose_"/>
    <property name="user.language" value="es"/>
    <property name="java.specification.vendor" value="Oracle Corporation"/>
    <property name="java.version.date" value="2023-10-17"/>
    <property name="java.home" value="C:\Users\jose_\.jdks\corretto-11.0.21"/>
    <property name="file.separator" value="\"/>
    <property name="basedir" value="C:\Users\jose_\OneDrive\Documents\remotessh\sshRemote"/>
    <property name="java.vm.compressedOopsMode" value="Zero based"/>
    <property name="line.separator" value="&#10;"/>
    <property name="java.specification.name" value="Java Platform API Specification"/>
    <property name="java.vm.specification.vendor" value="Oracle Corporation"/>
    <property name="java.awt.graphicsenv" value="sun.awt.Win32GraphicsEnvironment"/>
    <property name="karate.options" value="--tags @remote"/>
    <property name="surefire.real.class.path" value="C:\Users\jose_\AppData\Local\Temp\surefire12562037008862055520\surefirebooter-20231122231549344_3.jar"/>
    <property name="user.script" value=""/>
    <property name="sun.management.compiler" value="HotSpot 64-Bit Tiered Compilers"/>
    <property name="java.runtime.version" value="11.0.21+9-LTS"/>
    <property name="user.name" value="jose"/>
    <property name="path.separator" value=";"/>
    <property name="os.version" value="10.0"/>
    <property name="java.runtime.name" value="OpenJDK Runtime Environment"/>
    <property name="file.encoding" value="UTF-8"/>
    <property name="jnidispatch.path" value="C:\Users\jose_\AppData\Local\Temp\jna-3268183\jna16446300778333187421.dll"/>
    <property name="java.vm.name" value="OpenJDK 64-Bit Server VM"/>
    <property name="java.vendor.version" value="Corretto-11.0.21.9.1"/>
    <property name="localRepository" value="C:\Users\jose_\.m2\repository"/>
    <property name="jna.loaded" value="true"/>
    <property name="java.vendor.url.bug" value="https://github.com/corretto/corretto-11/issues/"/>
    <property name="java.io.tmpdir" value="C:\Users\jose_\AppData\Local\Temp\"/>
    <property name="idea.version" value="2021.3.1"/>
    <property name="java.version" value="11.0.21"/>
    <property name="user.dir" value="C:\Users\jose_\OneDrive\Documents\remotessh\sshRemote"/>
    <property name="os.arch" value="amd64"/>
    <property name="java.vm.specification.name" value="Java Virtual Machine Specification"/>
    <property name="java.awt.printerjob" value="sun.awt.windows.WPrinterJob"/>
    <property name="sun.os.patch.level" value=""/>
    <property name="java.library.path" value="C:\Users\jose_\.jdks\corretto-11.0.21\bin;C:\WINDOWS\Sun\Java\bin;C:\WINDOWS\system32;C:\WINDOWS;C:\Program Files (x86)\Common Files\Oracle\Java\javapath;C:\WINDOWS\system32;C:\WINDOWS;C:\WINDOWS\System32\Wbem;C:\WINDOWS\System32\WindowsPowerShell\v1.0\;C:\Program Files\Java\jdk1.8.0_311\bin;C:\Program Files\apache-maven-3.8.4\bin;C:\Program Files\Git\cmd;C:\Users\jose_\AppData\Local\Android\Sdk\platform-tools;C:\Users\jose_\AppData\Local\Android\Sdk\tools;C:\Program Files\PuTTY\;C:\Program Files\nodejs\;C:\Program Files\Docker\Docker\resources\bin;C:\Users\jose_\AppData\Roaming\npm;C:\WINDOWS\System32\OpenSSH\;C:\Users\jose_\AppData\Local\Microsoft\WindowsApps;C:\Program Files\MongoDB\Server\5.0\bin;C:\Users\jose_\AppData\Local\Programs\Microsoft VS Code\bin;C:\Users\jose_\AppData\Roaming\npm;;."/>
    <property name="java.vm.info" value="mixed mode"/>
    <property name="java.vendor" value="Amazon.com Inc."/>
    <property name="java.vm.version" value="11.0.21+9-LTS"/>
    <property name="java.specification.maintenance.version" value="2"/>
    <property name="sun.io.unicode.encoding" value="UnicodeLittle"/>
    <property name="java.class.version" value="55.0"/>
  </properties>
  <testcase name="testParallel" classname="examples.ExamplesTest" time="23.319">
    <failure message="js failed:&#10;&gt;&gt;&gt;&gt;&#10;01: click(&apos;Retroceso&apos;)&#10;&lt;&lt;&lt;&lt;&#10;org.graalvm.polyglot.PolyglotException: cannot locate: &apos;Retroceso&apos; ((stale) class com.sun.jna.platform.win32.COM.Unknown cannot be cast to class java.lang.Number (com.sun.jna.platform.win32.COM.Unknown is in unnamed module of loader &apos;app&apos;; java.lang.Number is in module java.base of loader &apos;bootstrap&apos;))&#10;- com.intuit.karate.robot.RobotBase.locate(RobotBase.java:530)&#10;- com.intuit.karate.robot.RobotBase.click(RobotBase.java:561)&#10;- &lt;js&gt;.:anonymous(Unnamed:1)&#10;&#10;classpath:examples/users/cal.feature:7 ==&gt; expected: &lt;0&gt; but was: &lt;1&gt;" type="org.opentest4j.AssertionFailedError"><![CDATA[org.opentest4j.AssertionFailedError: 
js failed:
>>>>
01: click('Retroceso')
<<<<
org.graalvm.polyglot.PolyglotException: cannot locate: 'Retroceso' ((stale) class com.sun.jna.platform.win32.COM.Unknown cannot be cast to class java.lang.Number (com.sun.jna.platform.win32.COM.Unknown is in unnamed module of loader 'app'; java.lang.Number is in module java.base of loader 'bootstrap'))
- com.intuit.karate.robot.RobotBase.locate(RobotBase.java:530)
- com.intuit.karate.robot.RobotBase.click(RobotBase.java:561)
- <js>.:anonymous(Unnamed:1)

classpath:examples/users/cal.feature:7 ==> expected: <0> but was: <1>
	at org.junit.jupiter.api.AssertionFailureBuilder.build(AssertionFailureBuilder.java:151)
	at org.junit.jupiter.api.AssertionFailureBuilder.buildAndThrow(AssertionFailureBuilder.java:132)
	at org.junit.jupiter.api.AssertEquals.failNotEqual(AssertEquals.java:197)
	at org.junit.jupiter.api.AssertEquals.assertEquals(AssertEquals.java:150)
	at org.junit.jupiter.api.Assertions.assertEquals(Assertions.java:560)
	at examples.ExamplesTest.testParallel(ExamplesTest.java:15)
	at java.base/jdk.internal.reflect.NativeMethodAccessorImpl.invoke0(Native Method)
	at java.base/jdk.internal.reflect.NativeMethodAccessorImpl.invoke(NativeMethodAccessorImpl.java:62)
	at java.base/jdk.internal.reflect.DelegatingMethodAccessorImpl.invoke(DelegatingMethodAccessorImpl.java:43)
	at java.base/java.lang.reflect.Method.invoke(Method.java:566)
	at org.junit.platform.commons.util.ReflectionUtils.invokeMethod(ReflectionUtils.java:727)
	at org.junit.jupiter.engine.execution.MethodInvocation.proceed(MethodInvocation.java:60)
	at org.junit.jupiter.engine.execution.InvocationInterceptorChain$ValidatingInvocation.proceed(InvocationInterceptorChain.java:131)
	at org.junit.jupiter.engine.extension.TimeoutExtension.intercept(TimeoutExtension.java:156)
	at org.junit.jupiter.engine.extension.TimeoutExtension.interceptTestableMethod(TimeoutExtension.java:147)
	at org.junit.jupiter.engine.extension.TimeoutExtension.interceptTestMethod(TimeoutExtension.java:86)
	at org.junit.jupiter.engine.execution.InterceptingExecutableInvoker$ReflectiveInterceptorCall.lambda$ofVoidMethod$0(InterceptingExecutableInvoker.java:103)
	at org.junit.jupiter.engine.execution.InterceptingExecutableInvoker.lambda$invoke$0(InterceptingExecutableInvoker.java:93)
	at org.junit.jupiter.engine.execution.InvocationInterceptorChain$InterceptedInvocation.proceed(InvocationInterceptorChain.java:106)
	at org.junit.jupiter.engine.execution.InvocationInterceptorChain.proceed(InvocationInterceptorChain.java:64)
	at org.junit.jupiter.engine.execution.InvocationInterceptorChain.chainAndInvoke(InvocationInterceptorChain.java:45)
	at org.junit.jupiter.engine.execution.InvocationInterceptorChain.invoke(InvocationInterceptorChain.java:37)
	at org.junit.jupiter.engine.execution.InterceptingExecutableInvoker.invoke(InterceptingExecutableInvoker.java:92)
	at org.junit.jupiter.engine.execution.InterceptingExecutableInvoker.invoke(InterceptingExecutableInvoker.java:86)
	at org.junit.jupiter.engine.descriptor.TestMethodTestDescriptor.lambda$invokeTestMethod$7(TestMethodTestDescriptor.java:217)
	at org.junit.platform.engine.support.hierarchical.ThrowableCollector.execute(ThrowableCollector.java:73)
	at org.junit.jupiter.engine.descriptor.TestMethodTestDescriptor.invokeTestMethod(TestMethodTestDescriptor.java:213)
	at org.junit.jupiter.engine.descriptor.TestMethodTestDescriptor.execute(TestMethodTestDescriptor.java:138)
	at org.junit.jupiter.engine.descriptor.TestMethodTestDescriptor.execute(TestMethodTestDescriptor.java:68)
	at org.junit.platform.engine.support.hierarchical.NodeTestTask.lambda$executeRecursively$6(NodeTestTask.java:151)
	at org.junit.platform.engine.support.hierarchical.ThrowableCollector.execute(ThrowableCollector.java:73)
	at org.junit.platform.engine.support.hierarchical.NodeTestTask.lambda$executeRecursively$8(NodeTestTask.java:141)
	at org.junit.platform.engine.support.hierarchical.Node.around(Node.java:137)
	at org.junit.platform.engine.support.hierarchical.NodeTestTask.lambda$executeRecursively$9(NodeTestTask.java:139)
	at org.junit.platform.engine.support.hierarchical.ThrowableCollector.execute(ThrowableCollector.java:73)
	at org.junit.platform.engine.support.hierarchical.NodeTestTask.executeRecursively(NodeTestTask.java:138)
	at org.junit.platform.engine.support.hierarchical.NodeTestTask.execute(NodeTestTask.java:95)
	at java.base/java.util.ArrayList.forEach(ArrayList.java:1541)
	at org.junit.platform.engine.support.hierarchical.SameThreadHierarchicalTestExecutorService.invokeAll(SameThreadHierarchicalTestExecutorService.java:41)
	at org.junit.platform.engine.support.hierarchical.NodeTestTask.lambda$executeRecursively$6(NodeTestTask.java:155)
	at org.junit.platform.engine.support.hierarchical.ThrowableCollector.execute(ThrowableCollector.java:73)
	at org.junit.platform.engine.support.hierarchical.NodeTestTask.lambda$executeRecursively$8(NodeTestTask.java:141)
	at org.junit.platform.engine.support.hierarchical.Node.around(Node.java:137)
	at org.junit.platform.engine.support.hierarchical.NodeTestTask.lambda$executeRecursively$9(NodeTestTask.java:139)
	at org.junit.platform.engine.support.hierarchical.ThrowableCollector.execute(ThrowableCollector.java:73)
	at org.junit.platform.engine.support.hierarchical.NodeTestTask.executeRecursively(NodeTestTask.java:138)
	at org.junit.platform.engine.support.hierarchical.NodeTestTask.execute(NodeTestTask.java:95)
	at java.base/java.util.ArrayList.forEach(ArrayList.java:1541)
	at org.junit.platform.engine.support.hierarchical.SameThreadHierarchicalTestExecutorService.invokeAll(SameThreadHierarchicalTestExecutorService.java:41)
	at org.junit.platform.engine.support.hierarchical.NodeTestTask.lambda$executeRecursively$6(NodeTestTask.java:155)
	at org.junit.platform.engine.support.hierarchical.ThrowableCollector.execute(ThrowableCollector.java:73)
	at org.junit.platform.engine.support.hierarchical.NodeTestTask.lambda$executeRecursively$8(NodeTestTask.java:141)
	at org.junit.platform.engine.support.hierarchical.Node.around(Node.java:137)
	at org.junit.platform.engine.support.hierarchical.NodeTestTask.lambda$executeRecursively$9(NodeTestTask.java:139)
	at org.junit.platform.engine.support.hierarchical.ThrowableCollector.execute(ThrowableCollector.java:73)
	at org.junit.platform.engine.support.hierarchical.NodeTestTask.executeRecursively(NodeTestTask.java:138)
	at org.junit.platform.engine.support.hierarchical.NodeTestTask.execute(NodeTestTask.java:95)
	at org.junit.platform.engine.support.hierarchical.SameThreadHierarchicalTestExecutorService.submit(SameThreadHierarchicalTestExecutorService.java:35)
	at org.junit.platform.engine.support.hierarchical.HierarchicalTestExecutor.execute(HierarchicalTestExecutor.java:57)
	at org.junit.platform.engine.support.hierarchical.HierarchicalTestEngine.execute(HierarchicalTestEngine.java:54)
	at org.junit.platform.launcher.core.EngineExecutionOrchestrator.execute(EngineExecutionOrchestrator.java:147)
	at org.junit.platform.launcher.core.EngineExecutionOrchestrator.execute(EngineExecutionOrchestrator.java:127)
	at org.junit.platform.launcher.core.EngineExecutionOrchestrator.execute(EngineExecutionOrchestrator.java:90)
	at org.junit.platform.launcher.core.EngineExecutionOrchestrator.lambda$execute$0(EngineExecutionOrchestrator.java:55)
	at org.junit.platform.launcher.core.EngineExecutionOrchestrator.withInterceptedStreams(EngineExecutionOrchestrator.java:102)
	at org.junit.platform.launcher.core.EngineExecutionOrchestrator.execute(EngineExecutionOrchestrator.java:54)
	at org.junit.platform.launcher.core.DefaultLauncher.execute(DefaultLauncher.java:114)
	at org.junit.platform.launcher.core.DefaultLauncher.execute(DefaultLauncher.java:86)
	at org.junit.platform.launcher.core.DefaultLauncherSession$DelegatingLauncher.execute(DefaultLauncherSession.java:86)
	at org.apache.maven.surefire.junitplatform.LazyLauncher.execute(LazyLauncher.java:50)
	at org.apache.maven.surefire.junitplatform.JUnitPlatformProvider.execute(JUnitPlatformProvider.java:184)
	at org.apache.maven.surefire.junitplatform.JUnitPlatformProvider.invokeAllTests(JUnitPlatformProvider.java:148)
	at org.apache.maven.surefire.junitplatform.JUnitPlatformProvider.invoke(JUnitPlatformProvider.java:122)
	at org.apache.maven.surefire.booter.ForkedBooter.runSuitesInProcess(ForkedBooter.java:385)
	at org.apache.maven.surefire.booter.ForkedBooter.execute(ForkedBooter.java:162)
	at org.apache.maven.surefire.booter.ForkedBooter.run(ForkedBooter.java:507)
	at org.apache.maven.surefire.booter.ForkedBooter.main(ForkedBooter.java:495)
]]></failure>
    <system-out><![CDATA[23:15:50.720 [main] INFO  com.intuit.karate.Runner - using system property 'karate.options': --tags @remote
23:15:51.887 [main] DEBUG com.intuit.karate.Suite - [config] classpath:karate-config.js
23:15:53.072 [main] INFO  com.intuit.karate - karate.env system property was: null 
23:15:53.598 [main] DEBUG c.intuit.karate.robot.win.ComLibrary - loaded: UIAutomationClient, clsid: {944DE083-8FB8-45CF-BCB7-C477ACB2F897}, majorVersion: 1, minorVersion: 0
23:15:54.149 [main] DEBUG c.intuit.karate.robot.win.ComUtils - init: {FF48DBA4-60EF-4201-AA87-54103EEF594E}, interface id: {30CBE57D-D9D0-452A-AB13-7AC5AC4825EE}
23:15:54.217 [main] DEBUG com.intuit.karate - screen dimensions: 0:0(1280:720)
23:15:55.492 [main] WARN  com.intuit.karate - failed to find window: Calculadora
23:15:55.501 [1700705755494] DEBUG com.intuit.karate - command: [calc], working dir: null
23:15:55.906 [1700705755494] DEBUG com.intuit.karate.shell.Command - command complete, exit code: 0 - [calc]
23:15:56.920 [main] WARN  com.intuit.karate - failed to find window: Calculadora
23:15:56.920 [main] DEBUG com.intuit.karate - find window - retry #1
23:16:04.759 [main] DEBUG com.intuit.karate - attached to process window: 'Calculadora' Window - [calc]
23:16:08.077 [main] WARN  com.intuit.karate.robot.win.ComRef - IUIAutomationElement.GetClickablePoint returned non-zero: -2147220991
23:16:08.078 [main] WARN  com.intuit.karate.robot.win.ComRef - failed to get clickable point
23:16:08.078 [main] WARN  com.intuit.karate.robot.win.ComRef - IUIAutomationElement.CurrentBoundingRectangle returned non-zero: -2147220991
23:16:11.278 [main] WARN  com.intuit.karate.robot.win.ComRef - IUIAutomationElement.CurrentName returned non-zero: -2147220991
23:16:11.279 [main] WARN  com.intuit.karate.robot.win.ComRef - IUIAutomationElement.GetCurrentPropertyValue returned non-zero: -2147220991
23:16:11.283 [main] ERROR com.intuit.karate - cannot locate: 'Retroceso' ((stale) class com.sun.jna.platform.win32.COM.Unknown cannot be cast to class java.lang.Number (com.sun.jna.platform.win32.COM.Unknown is in unnamed module of loader 'app'; java.lang.Number is in module java.base of loader 'bootstrap'))
23:16:11.329 [main] ERROR com.intuit.karate - classpath:examples/users/cal.feature:7
* click('Retroceso')
js failed:
>>>>
01: click('Retroceso')
<<<<
org.graalvm.polyglot.PolyglotException: cannot locate: 'Retroceso' ((stale) class com.sun.jna.platform.win32.COM.Unknown cannot be cast to class java.lang.Number (com.sun.jna.platform.win32.COM.Unknown is in unnamed module of loader 'app'; java.lang.Number is in module java.base of loader 'bootstrap'))
- com.intuit.karate.robot.RobotBase.locate(RobotBase.java:530)
- com.intuit.karate.robot.RobotBase.click(RobotBase.java:561)
- <js>.:anonymous(Unnamed:1)

classpath:examples/users/cal.feature:7
23:16:11.610 [main] DEBUG com.intuit.karate - after scenario, current window: (stale) class com.sun.jna.platform.win32.COM.Unknown cannot be cast to class java.lang.Number (com.sun.jna.platform.win32.COM.Unknown is in unnamed module of loader 'app'; java.lang.Number is in module java.base of loader 'bootstrap')
23:16:11.616 [main] WARN  com.intuit.karate.robot.win.ComRef - IUIAutomationElement.CurrentName returned non-zero: -2147220991
23:16:11.617 [main] WARN  com.intuit.karate.robot.win.ComRef - IUIAutomationElement.GetCurrentPropertyValue returned non-zero: -2147220991
23:16:11.618 [main] WARN  com.intuit.karate.robot.win.ComRef - IUIAutomationElement.CurrentName returned non-zero: -2147220991
23:16:11.618 [main] DEBUG com.intuit.karate - will attempt to close window for: 
23:16:11.619 [main] WARN  com.intuit.karate.robot.win.ComRef - IUIAutomationElement.CurrentNativeWindowHandle returned non-zero: -2147220991
23:16:11.619 [main] DEBUG com.intuit.karate.shell.Command - closing command: 1700705755494
---------------------------------------------------------
feature: classpath:examples/users/cal.feature
scenarios:  1 | passed:  0 | failed:  1 | time: 18,1981
---------------------------------------------------------

23:16:13.168 [main] INFO  com.intuit.karate.Suite - <<fail>> feature 1 of 2 (0 remaining) classpath:examples/users/cal.feature
23:16:13.187 [main] DEBUG com.intuit.karate.Suite - waiting for 2 features to complete
Karate version: 1.4.1
======================================================
elapsed:  22,49 | threads:    1 | thread time: 18,20 
features:     1 | skipped:    1 | efficiency: 0,81
scenarios:    1 | passed:     0 | failed: 1
======================================================
>>> failed features:
js failed:
>>>>
01: click('Retroceso')
<<<<
org.graalvm.polyglot.PolyglotException: cannot locate: 'Retroceso' ((stale) class com.sun.jna.platform.win32.COM.Unknown cannot be cast to class java.lang.Number (com.sun.jna.platform.win32.COM.Unknown is in unnamed module of loader 'app'; java.lang.Number is in module java.base of loader 'bootstrap'))
- com.intuit.karate.robot.RobotBase.locate(RobotBase.java:530)
- com.intuit.karate.robot.RobotBase.click(RobotBase.java:561)
- <js>.:anonymous(Unnamed:1)

classpath:examples/users/cal.feature:7
<<<

HTML report: (paste into browser to view) | Karate version: 1.4.1
file:///C:/Users/jose_/OneDrive/Documents/remotessh/sshRemote/target/karate-reports/karate-summary.html
===================================================================

]]></system-out>
  </testcase>
</testsuite>